<?xml version="1.0" encoding="UTF-8"?>
<!-- Generated by org.testng.reporters.JUnitReportReporter -->
<testsuite hostname="pennant-vsp121" failures="4" tests="8" name="com.nkxgen.spring.jdbc.Test.AccountProcessingControllerTest" time="0.040" errors="0" timestamp="2023-07-03T15:00:25 IST" skipped="0">
  <testcase classname="com.nkxgen.spring.jdbc.Test.AccountProcessingControllerTest" name="testStatementGenerationForAccounts" time="0.002"/>
  <testcase classname="com.nkxgen.spring.jdbc.Test.AccountProcessingControllerTest" name="testCalculateInterest" time="0.026">
    <failure message="
accountApplicationDaoInterface.getall();
Wanted 1 time:
-&gt; at com.nkxgen.spring.jdbc.Test.AccountProcessingControllerTest.testCalculateInterest(AccountProcessingControllerTest.java:73)
But was 2 times:
-&gt; at com.nkxgen.spring.jdbc.controller.AccountProcessingController.calculateInterest(AccountProcessingController.java:35)
-&gt; at com.nkxgen.spring.jdbc.controller.AccountProcessingController.calculateInterest(AccountProcessingController.java:46)

" type="org.mockito.exceptions.verification.TooManyActualInvocations">
      <![CDATA[org.mockito.exceptions.verification.TooManyActualInvocations: 
accountApplicationDaoInterface.getall();
Wanted 1 time:
-> at com.nkxgen.spring.jdbc.Test.AccountProcessingControllerTest.testCalculateInterest(AccountProcessingControllerTest.java:73)
But was 2 times:
-> at com.nkxgen.spring.jdbc.controller.AccountProcessingController.calculateInterest(AccountProcessingController.java:35)
-> at com.nkxgen.spring.jdbc.controller.AccountProcessingController.calculateInterest(AccountProcessingController.java:46)


at com.nkxgen.spring.jdbc.Test.AccountProcessingControllerTest.testCalculateInterest(AccountProcessingControllerTest.java:73)
at java.base/jdk.internal.reflect.NativeMethodAccessorImpl.invoke0(Native Method)
at java.base/jdk.internal.reflect.NativeMethodAccessorImpl.invoke(NativeMethodAccessorImpl.java:62)
at java.base/jdk.internal.reflect.DelegatingMethodAccessorImpl.invoke(DelegatingMethodAccessorImpl.java:43)
at java.base/java.lang.reflect.Method.invoke(Method.java:564)
at org.testng.internal.invokers.MethodInvocationHelper.invokeMethod(MethodInvocationHelper.java:139)
at org.testng.internal.invokers.TestInvoker.invokeMethod(TestInvoker.java:664)
at org.testng.internal.invokers.TestInvoker.invokeTestMethod(TestInvoker.java:227)
at org.testng.internal.invokers.MethodRunner.runInSequence(MethodRunner.java:50)
at org.testng.internal.invokers.TestInvoker$MethodInvocationAgent.invoke(TestInvoker.java:957)
at org.testng.internal.invokers.TestInvoker.invokeTestMethods(TestInvoker.java:200)
at org.testng.internal.invokers.TestMethodWorker.invokeTestMethods(TestMethodWorker.java:148)
at org.testng.internal.invokers.TestMethodWorker.run(TestMethodWorker.java:128)
at java.base/java.util.ArrayList.forEach(ArrayList.java:1510)
at org.testng.TestRunner.privateRun(TestRunner.java:848)
at org.testng.TestRunner.run(TestRunner.java:621)
at org.testng.SuiteRunner.runTest(SuiteRunner.java:443)
at org.testng.SuiteRunner.runSequentially(SuiteRunner.java:437)
at org.testng.SuiteRunner.privateRun(SuiteRunner.java:397)
at org.testng.SuiteRunner.run(SuiteRunner.java:336)
at org.testng.SuiteRunnerWorker.runSuite(SuiteRunnerWorker.java:52)
at org.testng.SuiteRunnerWorker.run(SuiteRunnerWorker.java:95)
at org.testng.TestNG.runSuitesSequentially(TestNG.java:1280)
at org.testng.TestNG.runSuitesLocally(TestNG.java:1200)
at org.testng.TestNG.runSuites(TestNG.java:1114)
at org.testng.TestNG.run(TestNG.java:1082)
at org.testng.remote.AbstractRemoteTestNG.run(AbstractRemoteTestNG.java:115)
at org.testng.remote.RemoteTestNG.initAndRun(RemoteTestNG.java:251)
at org.testng.remote.RemoteTestNG.main(RemoteTestNG.java:77)
]]>
    </failure>
  </testcase> <!-- testCalculateInterest -->
  <testcase classname="com.nkxgen.spring.jdbc.Test.AccountProcessingControllerTest" name="testGetAccountsBasedOnDueDatesForOtherAccountTypes" time="0.004">
    <failure message="
accounts.calcIntrst([]);
Wanted 1 time:
-&gt; at com.nkxgen.spring.jdbc.Test.AccountProcessingControllerTest.testGetAccountsBasedOnDueDatesForOtherAccountTypes(AccountProcessingControllerTest.java:219)
But was 2 times:
-&gt; at com.nkxgen.spring.jdbc.controller.AccountProcessingController.calculateInterest(AccountProcessingController.java:38)
-&gt; at com.nkxgen.spring.jdbc.controller.AccountProcessingController.getAccountsBasedOnDueDates(AccountProcessingController.java:119)

" type="org.mockito.exceptions.verification.TooManyActualInvocations">
      <![CDATA[org.mockito.exceptions.verification.TooManyActualInvocations: 
accounts.calcIntrst([]);
Wanted 1 time:
-> at com.nkxgen.spring.jdbc.Test.AccountProcessingControllerTest.testGetAccountsBasedOnDueDatesForOtherAccountTypes(AccountProcessingControllerTest.java:219)
But was 2 times:
-> at com.nkxgen.spring.jdbc.controller.AccountProcessingController.calculateInterest(AccountProcessingController.java:38)
-> at com.nkxgen.spring.jdbc.controller.AccountProcessingController.getAccountsBasedOnDueDates(AccountProcessingController.java:119)


at com.nkxgen.spring.jdbc.Test.AccountProcessingControllerTest.testGetAccountsBasedOnDueDatesForOtherAccountTypes(AccountProcessingControllerTest.java:219)
at java.base/jdk.internal.reflect.NativeMethodAccessorImpl.invoke0(Native Method)
at java.base/jdk.internal.reflect.NativeMethodAccessorImpl.invoke(NativeMethodAccessorImpl.java:62)
at java.base/jdk.internal.reflect.DelegatingMethodAccessorImpl.invoke(DelegatingMethodAccessorImpl.java:43)
at java.base/java.lang.reflect.Method.invoke(Method.java:564)
at org.testng.internal.invokers.MethodInvocationHelper.invokeMethod(MethodInvocationHelper.java:139)
at org.testng.internal.invokers.TestInvoker.invokeMethod(TestInvoker.java:664)
at org.testng.internal.invokers.TestInvoker.invokeTestMethod(TestInvoker.java:227)
at org.testng.internal.invokers.MethodRunner.runInSequence(MethodRunner.java:50)
at org.testng.internal.invokers.TestInvoker$MethodInvocationAgent.invoke(TestInvoker.java:957)
at org.testng.internal.invokers.TestInvoker.invokeTestMethods(TestInvoker.java:200)
at org.testng.internal.invokers.TestMethodWorker.invokeTestMethods(TestMethodWorker.java:148)
at org.testng.internal.invokers.TestMethodWorker.run(TestMethodWorker.java:128)
at java.base/java.util.ArrayList.forEach(ArrayList.java:1510)
at org.testng.TestRunner.privateRun(TestRunner.java:848)
at org.testng.TestRunner.run(TestRunner.java:621)
at org.testng.SuiteRunner.runTest(SuiteRunner.java:443)
at org.testng.SuiteRunner.runSequentially(SuiteRunner.java:437)
at org.testng.SuiteRunner.privateRun(SuiteRunner.java:397)
at org.testng.SuiteRunner.run(SuiteRunner.java:336)
at org.testng.SuiteRunnerWorker.runSuite(SuiteRunnerWorker.java:52)
at org.testng.SuiteRunnerWorker.run(SuiteRunnerWorker.java:95)
at org.testng.TestNG.runSuitesSequentially(TestNG.java:1280)
at org.testng.TestNG.runSuitesLocally(TestNG.java:1200)
at org.testng.TestNG.runSuites(TestNG.java:1114)
at org.testng.TestNG.run(TestNG.java:1082)
at org.testng.remote.AbstractRemoteTestNG.run(AbstractRemoteTestNG.java:115)
at org.testng.remote.RemoteTestNG.initAndRun(RemoteTestNG.java:251)
at org.testng.remote.RemoteTestNG.main(RemoteTestNG.java:77)
]]>
    </failure>
  </testcase> <!-- testGetAccountsBasedOnDueDatesForOtherAccountTypes -->
  <testcase classname="com.nkxgen.spring.jdbc.Test.AccountProcessingControllerTest" name="testGetAccountsBasedOnDueDatesForSavings" time="0.002">
    <failure message="
accountApplicationDaoInterface.getAccountssByType(
    &quot;savings&quot;
);
Wanted 3 times:
-&gt; at com.nkxgen.spring.jdbc.Test.AccountProcessingControllerTest.testGetAccountsBasedOnDueDatesForSavings(AccountProcessingControllerTest.java:186)
But was 1 time:
-&gt; at com.nkxgen.spring.jdbc.controller.AccountProcessingController.getAccountsBasedOnDueDates(AccountProcessingController.java:98)
" type="org.mockito.exceptions.verification.TooLittleActualInvocations">
      <![CDATA[org.mockito.exceptions.verification.TooLittleActualInvocations: 
accountApplicationDaoInterface.getAccountssByType(
    "savings"
);
Wanted 3 times:
-> at com.nkxgen.spring.jdbc.Test.AccountProcessingControllerTest.testGetAccountsBasedOnDueDatesForSavings(AccountProcessingControllerTest.java:186)
But was 1 time:
-> at com.nkxgen.spring.jdbc.controller.AccountProcessingController.getAccountsBasedOnDueDates(AccountProcessingController.java:98)

at com.nkxgen.spring.jdbc.Test.AccountProcessingControllerTest.testGetAccountsBasedOnDueDatesForSavings(AccountProcessingControllerTest.java:186)
at java.base/jdk.internal.reflect.NativeMethodAccessorImpl.invoke0(Native Method)
at java.base/jdk.internal.reflect.NativeMethodAccessorImpl.invoke(NativeMethodAccessorImpl.java:62)
at java.base/jdk.internal.reflect.DelegatingMethodAccessorImpl.invoke(DelegatingMethodAccessorImpl.java:43)
at java.base/java.lang.reflect.Method.invoke(Method.java:564)
at org.testng.internal.invokers.MethodInvocationHelper.invokeMethod(MethodInvocationHelper.java:139)
at org.testng.internal.invokers.TestInvoker.invokeMethod(TestInvoker.java:664)
at org.testng.internal.invokers.TestInvoker.invokeTestMethod(TestInvoker.java:227)
at org.testng.internal.invokers.MethodRunner.runInSequence(MethodRunner.java:50)
at org.testng.internal.invokers.TestInvoker$MethodInvocationAgent.invoke(TestInvoker.java:957)
at org.testng.internal.invokers.TestInvoker.invokeTestMethods(TestInvoker.java:200)
at org.testng.internal.invokers.TestMethodWorker.invokeTestMethods(TestMethodWorker.java:148)
at org.testng.internal.invokers.TestMethodWorker.run(TestMethodWorker.java:128)
at java.base/java.util.ArrayList.forEach(ArrayList.java:1510)
at org.testng.TestRunner.privateRun(TestRunner.java:848)
at org.testng.TestRunner.run(TestRunner.java:621)
at org.testng.SuiteRunner.runTest(SuiteRunner.java:443)
at org.testng.SuiteRunner.runSequentially(SuiteRunner.java:437)
at org.testng.SuiteRunner.privateRun(SuiteRunner.java:397)
at org.testng.SuiteRunner.run(SuiteRunner.java:336)
at org.testng.SuiteRunnerWorker.runSuite(SuiteRunnerWorker.java:52)
at org.testng.SuiteRunnerWorker.run(SuiteRunnerWorker.java:95)
at org.testng.TestNG.runSuitesSequentially(TestNG.java:1280)
at org.testng.TestNG.runSuitesLocally(TestNG.java:1200)
at org.testng.TestNG.runSuites(TestNG.java:1114)
at org.testng.TestNG.run(TestNG.java:1082)
at org.testng.remote.AbstractRemoteTestNG.run(AbstractRemoteTestNG.java:115)
at org.testng.remote.RemoteTestNG.initAndRun(RemoteTestNG.java:251)
at org.testng.remote.RemoteTestNG.main(RemoteTestNG.java:77)
]]>
    </failure>
  </testcase> <!-- testGetAccountsBasedOnDueDatesForSavings -->
  <testcase classname="com.nkxgen.spring.jdbc.Test.AccountProcessingControllerTest" name="testStatementGenerationForLoanTransactions" time="0.001"/>
  <testcase classname="com.nkxgen.spring.jdbc.Test.AccountProcessingControllerTest" name="testGetSavingsAccounts" time="0.002"/>
  <testcase classname="com.nkxgen.spring.jdbc.Test.AccountProcessingControllerTest" name="testGetAccounts" time="0.001"/>
  <testcase classname="com.nkxgen.spring.jdbc.Test.AccountProcessingControllerTest" name="testGetAccountsByType" time="0.002">
    <failure message="
accountApplicationDaoInterface.getAccountssByType(
    &quot;savings&quot;
);
Wanted 1 time:
-&gt; at com.nkxgen.spring.jdbc.Test.AccountProcessingControllerTest.testGetAccountsByType(AccountProcessingControllerTest.java:126)
But was 2 times:
-&gt; at com.nkxgen.spring.jdbc.controller.AccountProcessingController.getAccountsBasedOnDueDates(AccountProcessingController.java:98)
-&gt; at com.nkxgen.spring.jdbc.controller.AccountProcessingController.getAccounts(AccountProcessingController.java:63)

" type="org.mockito.exceptions.verification.TooManyActualInvocations">
      <![CDATA[org.mockito.exceptions.verification.TooManyActualInvocations: 
accountApplicationDaoInterface.getAccountssByType(
    "savings"
);
Wanted 1 time:
-> at com.nkxgen.spring.jdbc.Test.AccountProcessingControllerTest.testGetAccountsByType(AccountProcessingControllerTest.java:126)
But was 2 times:
-> at com.nkxgen.spring.jdbc.controller.AccountProcessingController.getAccountsBasedOnDueDates(AccountProcessingController.java:98)
-> at com.nkxgen.spring.jdbc.controller.AccountProcessingController.getAccounts(AccountProcessingController.java:63)


at com.nkxgen.spring.jdbc.Test.AccountProcessingControllerTest.testGetAccountsByType(AccountProcessingControllerTest.java:126)
at java.base/jdk.internal.reflect.NativeMethodAccessorImpl.invoke0(Native Method)
at java.base/jdk.internal.reflect.NativeMethodAccessorImpl.invoke(NativeMethodAccessorImpl.java:62)
at java.base/jdk.internal.reflect.DelegatingMethodAccessorImpl.invoke(DelegatingMethodAccessorImpl.java:43)
at java.base/java.lang.reflect.Method.invoke(Method.java:564)
at org.testng.internal.invokers.MethodInvocationHelper.invokeMethod(MethodInvocationHelper.java:139)
at org.testng.internal.invokers.TestInvoker.invokeMethod(TestInvoker.java:664)
at org.testng.internal.invokers.TestInvoker.invokeTestMethod(TestInvoker.java:227)
at org.testng.internal.invokers.MethodRunner.runInSequence(MethodRunner.java:50)
at org.testng.internal.invokers.TestInvoker$MethodInvocationAgent.invoke(TestInvoker.java:957)
at org.testng.internal.invokers.TestInvoker.invokeTestMethods(TestInvoker.java:200)
at org.testng.internal.invokers.TestMethodWorker.invokeTestMethods(TestMethodWorker.java:148)
at org.testng.internal.invokers.TestMethodWorker.run(TestMethodWorker.java:128)
at java.base/java.util.ArrayList.forEach(ArrayList.java:1510)
at org.testng.TestRunner.privateRun(TestRunner.java:848)
at org.testng.TestRunner.run(TestRunner.java:621)
at org.testng.SuiteRunner.runTest(SuiteRunner.java:443)
at org.testng.SuiteRunner.runSequentially(SuiteRunner.java:437)
at org.testng.SuiteRunner.privateRun(SuiteRunner.java:397)
at org.testng.SuiteRunner.run(SuiteRunner.java:336)
at org.testng.SuiteRunnerWorker.runSuite(SuiteRunnerWorker.java:52)
at org.testng.SuiteRunnerWorker.run(SuiteRunnerWorker.java:95)
at org.testng.TestNG.runSuitesSequentially(TestNG.java:1280)
at org.testng.TestNG.runSuitesLocally(TestNG.java:1200)
at org.testng.TestNG.runSuites(TestNG.java:1114)
at org.testng.TestNG.run(TestNG.java:1082)
at org.testng.remote.AbstractRemoteTestNG.run(AbstractRemoteTestNG.java:115)
at org.testng.remote.RemoteTestNG.initAndRun(RemoteTestNG.java:251)
at org.testng.remote.RemoteTestNG.main(RemoteTestNG.java:77)
]]>
    </failure>
  </testcase> <!-- testGetAccountsByType -->
</testsuite> <!-- com.nkxgen.spring.jdbc.Test.AccountProcessingControllerTest -->
