<?xml version="1.0" encoding="UTF-8"?>
<!-- Generated by org.testng.reporters.JUnitReportReporter -->
<testsuite hostname="pennant-vsp121" failures="0" tests="4" name="com.nkxgen.spring.jdbc.Test.AccountProcessingDAOimpTest" time="0.926" errors="0" timestamp="2023-07-03T15:10:28 IST" skipped="0">
  <testcase classname="com.nkxgen.spring.jdbc.Test.AccountProcessingDAOimpTest" name="testAccountTransactionStatementGeneration" time="0.129"/>
  <testcase classname="com.nkxgen.spring.jdbc.Test.AccountProcessingDAOimpTest" name="testExecuteProcedure" time="0.035"/>
  <testcase classname="com.nkxgen.spring.jdbc.Test.AccountProcessingDAOimpTest" name="testLoanTransactionStatementGeneration" time="0.642"/>
  <testcase classname="com.nkxgen.spring.jdbc.Test.AccountProcessingDAOimpTest" name="testGetSavAcc" time="0.120"/>
</testsuite> <!-- com.nkxgen.spring.jdbc.Test.AccountProcessingDAOimpTest -->
