<?xml version="1.0" encoding="UTF-8"?>
<!-- Generated by org.testng.reporters.JUnitReportReporter -->
<testsuite hostname="pennant-vsp121" failures="0" tests="6" name="com.nkxgen.spring.jdbc.Test.BankUserServiceTest" time="2.294" errors="0" timestamp="2023-07-03T09:36:41 IST" skipped="0">
  <testcase classname="com.nkxgen.spring.jdbc.Test.BankUserServiceTest" name="testSaveBankUser" time="2.197"/>
  <testcase classname="com.nkxgen.spring.jdbc.Test.BankUserServiceTest" name="testGetBankUsersByDesignation" time="0.040"/>
  <testcase classname="com.nkxgen.spring.jdbc.Test.BankUserServiceTest" name="testGetBankUsersByDesignation_BankUser" time="0.004"/>
  <testcase classname="com.nkxgen.spring.jdbc.Test.BankUserServiceTest" name="testGetAllBankUsers" time="0.051"/>
  <testcase classname="com.nkxgen.spring.jdbc.Test.BankUserServiceTest" name="testGetBankUserById" time="0.001"/>
  <testcase classname="com.nkxgen.spring.jdbc.Test.BankUserServiceTest" name="testSaveUser" time="0.001"/>
</testsuite> <!-- com.nkxgen.spring.jdbc.Test.BankUserServiceTest -->
