<?xml version="1.0" encoding="UTF-8"?>
<!-- Generated by org.testng.reporters.JUnitReportReporter -->
<testsuite hostname="LAPTOP-VCQHI407" failures="0" tests="6" name="com.nkxgen.spring.jdbc.Test.MasterControllerTest" time="1.559" errors="0" timestamp="2023-07-09T12:04:11 IST" skipped="0">
  <testcase classname="com.nkxgen.spring.jdbc.Test.MasterControllerTest" name="testGetSelectedLoanDetails" time="1.502"/>
  <testcase classname="com.nkxgen.spring.jdbc.Test.MasterControllerTest" name="testMoney" time="0.003"/>
  <testcase classname="com.nkxgen.spring.jdbc.Test.MasterControllerTest" name="testGetSelectedAccountDetails" time="0.005"/>
  <testcase classname="com.nkxgen.spring.jdbc.Test.MasterControllerTest" name="testProfitloss" time="0.007"/>
  <testcase classname="com.nkxgen.spring.jdbc.Test.MasterControllerTest" name="testGetAccounts" time="0.039"/>
  <testcase classname="com.nkxgen.spring.jdbc.Test.MasterControllerTest" name="testGetLoans" time="0.003"/>
</testsuite> <!-- com.nkxgen.spring.jdbc.Test.MasterControllerTest -->
