<?xml version="1.0" encoding="UTF-8"?>
<!-- Generated by org.testng.reporters.JUnitReportReporter -->
<testsuite hostname="LAPTOP-VCQHI407" failures="0" tests="12" name="com.nkxgen.spring.jdbc.Test.TransactionsDAOTest" time="1.971" errors="0" timestamp="2023-07-09T11:42:05 IST" skipped="0">
  <testcase classname="com.nkxgen.spring.jdbc.Test.TransactionsDAOTest" name="testLoanRepayment" time="0.055"/>
  <testcase classname="com.nkxgen.spring.jdbc.Test.TransactionsDAOTest" name="testTransactionSave" time="0.005"/>
  <testcase classname="com.nkxgen.spring.jdbc.Test.TransactionsDAOTest" name="testGetAccountById" time="0.134"/>
  <testcase classname="com.nkxgen.spring.jdbc.Test.TransactionsDAOTest" name="testSaveLoanTransaction" time="0.005"/>
  <testcase classname="com.nkxgen.spring.jdbc.Test.TransactionsDAOTest" name="testSaveTransaction" time="0.004"/>
  <testcase classname="com.nkxgen.spring.jdbc.Test.TransactionsDAOTest" name="testGetLoanAccountByIdNotFound" time="0.009"/>
  <testcase classname="com.nkxgen.spring.jdbc.Test.TransactionsDAOTest" name="testTransactionSave1" time="0.029"/>
  <testcase classname="com.nkxgen.spring.jdbc.Test.TransactionsDAOTest" name="testGetLoanAccountApplicationById" time="0.124"/>
  <testcase classname="com.nkxgen.spring.jdbc.Test.TransactionsDAOTest" name="testMoneyDeposit" time="0.008"/>
  <testcase classname="com.nkxgen.spring.jdbc.Test.TransactionsDAOTest" name="testGetCustomerByLoanID" time="0.006"/>
  <testcase classname="com.nkxgen.spring.jdbc.Test.TransactionsDAOTest" name="testLoanTransactionWithdrawl" time="1.585"/>
  <testcase classname="com.nkxgen.spring.jdbc.Test.TransactionsDAOTest" name="testLoanWithdrawal" time="0.007"/>
</testsuite> <!-- com.nkxgen.spring.jdbc.Test.TransactionsDAOTest -->
